  Knapsack.cpp
C:\Users\anian\source\kursSDA\ZadanieKnapsack\ZadanieKnapsack\Knapsack.cpp(7,1): error C2512: 'Backpack': no appropriate default constructor available
C:\Users\anian\source\kursSDA\ZadanieKnapsack\ZadanieKnapsack\Knapsack.hpp(21,7): message : see declaration of 'Backpack'
C:\Users\anian\source\kursSDA\ZadanieKnapsack\ZadanieKnapsack\Knapsack.cpp(8,23): error C2082: redefinition of formal parameter 'capacity'
C:\Users\anian\source\kursSDA\ZadanieKnapsack\ZadanieKnapsack\Knapsack.cpp(26,18): error C2039: 'hei': is not a member of 'Item'
C:\Users\anian\source\kursSDA\ZadanieKnapsack\ZadanieKnapsack\Knapsack.hpp(3): message : see declaration of 'Item'
C:\Users\anian\source\kursSDA\ZadanieKnapsack\ZadanieKnapsack\Knapsack.cpp(48,21): error C2039: 'getItems': is not a member of 'Backpack'
C:\Users\anian\source\kursSDA\ZadanieKnapsack\ZadanieKnapsack\Knapsack.hpp(21): message : see declaration of 'Backpack'
C:\Users\anian\source\kursSDA\ZadanieKnapsack\ZadanieKnapsack\Knapsack.cpp(52,28): error C2679: binary '<<': no operator found which takes a right-hand operand of type 'Item' (or there is no acceptable conversion)
C:\Program Files\Microsoft Visual Studio\2022\Community\VC\Tools\MSVC\14.31.31103\include\ostream(471,39): message : could be 'std::basic_ostream<char,std::char_traits<char>> &std::basic_ostream<char,std::char_traits<char>>::operator <<(std::basic_streambuf<char,std::char_traits<char>> *)'
C:\Program Files\Microsoft Visual Studio\2022\Community\VC\Tools\MSVC\14.31.31103\include\ostream(439,39): message : or       'std::basic_ostream<char,std::char_traits<char>> &std::basic_ostream<char,std::char_traits<char>>::operator <<(const void *)'
C:\Program Files\Microsoft Visual Studio\2022\Community\VC\Tools\MSVC\14.31.31103\include\ostream(421,39): message : or       'std::basic_ostream<char,std::char_traits<char>> &std::basic_ostream<char,std::char_traits<char>>::operator <<(long double)'
C:\Program Files\Microsoft Visual Studio\2022\Community\VC\Tools\MSVC\14.31.31103\include\ostream(403,39): message : or       'std::basic_ostream<char,std::char_traits<char>> &std::basic_ostream<char,std::char_traits<char>>::operator <<(double)'
C:\Program Files\Microsoft Visual Studio\2022\Community\VC\Tools\MSVC\14.31.31103\include\ostream(385,39): message : or       'std::basic_ostream<char,std::char_traits<char>> &std::basic_ostream<char,std::char_traits<char>>::operator <<(float)'
C:\Program Files\Microsoft Visual Studio\2022\Community\VC\Tools\MSVC\14.31.31103\include\ostream(367,39): message : or       'std::basic_ostream<char,std::char_traits<char>> &std::basic_ostream<char,std::char_traits<char>>::operator <<(unsigned __int64)'
C:\Program Files\Microsoft Visual Studio\2022\Community\VC\Tools\MSVC\14.31.31103\include\ostream(349,39): message : or       'std::basic_ostream<char,std::char_traits<char>> &std::basic_ostream<char,std::char_traits<char>>::operator <<(__int64)'
C:\Program Files\Microsoft Visual Studio\2022\Community\VC\Tools\MSVC\14.31.31103\include\ostream(331,39): message : or       'std::basic_ostream<char,std::char_traits<char>> &std::basic_ostream<char,std::char_traits<char>>::operator <<(unsigned long)'
C:\Program Files\Microsoft Visual Studio\2022\Community\VC\Tools\MSVC\14.31.31103\include\ostream(313,39): message : or       'std::basic_ostream<char,std::char_traits<char>> &std::basic_ostream<char,std::char_traits<char>>::operator <<(long)'
C:\Program Files\Microsoft Visual Studio\2022\Community\VC\Tools\MSVC\14.31.31103\include\ostream(294,39): message : or       'std::basic_ostream<char,std::char_traits<char>> &std::basic_ostream<char,std::char_traits<char>>::operator <<(unsigned int)'
C:\Program Files\Microsoft Visual Studio\2022\Community\VC\Tools\MSVC\14.31.31103\include\ostream(268,39): message : or       'std::basic_ostream<char,std::char_traits<char>> &std::basic_ostream<char,std::char_traits<char>>::operator <<(int)'
C:\Program Files\Microsoft Visual Studio\2022\Community\VC\Tools\MSVC\14.31.31103\include\ostream(249,39): message : or       'std::basic_ostream<char,std::char_traits<char>> &std::basic_ostream<char,std::char_traits<char>>::operator <<(unsigned short)'
C:\Program Files\Microsoft Visual Studio\2022\Community\VC\Tools\MSVC\14.31.31103\include\ostream(215,39): message : or       'std::basic_ostream<char,std::char_traits<char>> &std::basic_ostream<char,std::char_traits<char>>::operator <<(short)'
C:\Program Files\Microsoft Visual Studio\2022\Community\VC\Tools\MSVC\14.31.31103\include\ostream(197,39): message : or       'std::basic_ostream<char,std::char_traits<char>> &std::basic_ostream<char,std::char_traits<char>>::operator <<(bool)'
C:\Program Files\Microsoft Visual Studio\2022\Community\VC\Tools\MSVC\14.31.31103\include\ostream(192,39): message : or       'std::basic_ostream<char,std::char_traits<char>> &std::basic_ostream<char,std::char_traits<char>>::operator <<(std::ios_base &(__cdecl *)(std::ios_base &))'
C:\Program Files\Microsoft Visual Studio\2022\Community\VC\Tools\MSVC\14.31.31103\include\ostream(187,39): message : or       'std::basic_ostream<char,std::char_traits<char>> &std::basic_ostream<char,std::char_traits<char>>::operator <<(std::basic_ios<char,std::char_traits<char>> &(__cdecl *)(std::basic_ios<char,std::char_traits<char>> &))'
C:\Program Files\Microsoft Visual Studio\2022\Community\VC\Tools\MSVC\14.31.31103\include\ostream(182,39): message : or       'std::basic_ostream<char,std::char_traits<char>> &std::basic_ostream<char,std::char_traits<char>>::operator <<(std::basic_ostream<char,std::char_traits<char>> &(__cdecl *)(std::basic_ostream<char,std::char_traits<char>> &))'
C:\Users\anian\source\kursSDA\ZadanieKnapsack\ZadanieKnapsack\Knapsack.cpp(45,15): message : or       'std::ostream &operator <<(std::ostream &,const Backpack &)'
C:\Users\anian\source\kursSDA\ZadanieKnapsack\ZadanieKnapsack\Knapsack.cpp(52,28): message : while trying to match the argument list '(std::ostream, Item)'
C:\Users\anian\source\kursSDA\ZadanieKnapsack\ZadanieKnapsack\Knapsack.cpp(52,22): error C2146: syntax error: missing ';' before identifier 'value'
C:\Users\anian\source\kursSDA\ZadanieKnapsack\ZadanieKnapsack\Knapsack.cpp(52,22): error C2065: 'value': undeclared identifier
